[debug] [2022-05-08T16:37:14.741Z] ----------------------------------------------------------------------
[debug] [2022-05-08T16:37:14.766Z] Command:       C:\Program Files\nodejs\node.exe C:\Users\Babu\AppData\Roaming\npm\node_modules\firebase-tools\lib\bin\firebase.js init
[debug] [2022-05-08T16:37:14.767Z] CLI Version:   10.6.0
[debug] [2022-05-08T16:37:14.767Z] Platform:      win32
[debug] [2022-05-08T16:37:14.768Z] Node Version:  v16.13.2
[debug] [2022-05-08T16:37:14.874Z] Time:          Sun May 08 2022 22:37:14 GMT+0600 (Bangladesh Standard Time)
[debug] [2022-05-08T16:37:14.876Z] ----------------------------------------------------------------------
[debug] 
[debug] [2022-05-08T16:37:14.896Z] >>> [apiv2][query] GET https://firebase-public.firebaseio.com/cli.json [none]
[debug] [2022-05-08T16:37:15.005Z] > command requires scopes: ["email","openid","https://www.googleapis.com/auth/cloudplatformprojects.readonly","https://www.googleapis.com/auth/firebase","https://www.googleapis.com/auth/cloud-platform"]
[debug] [2022-05-08T16:37:15.006Z] > authorizing via signed-in user (fahidhasanfuad20018@gmail.com)
[info] 
     ######## #### ########  ######## ########     ###     ######  ########
     ##        ##  ##     ## ##       ##     ##  ##   ##  ##       ##
     ######    ##  ########  ######   ########  #########  ######  ######
     ##        ##  ##    ##  ##       ##     ## ##     ##       ## ##
     ##       #### ##     ## ######## ########  ##     ##  ######  ########

You're about to initialize a Firebase project in this directory:

  C:\projects\my-11-assingment-heroku

Before we get started, keep in mind:

  * You are currently outside your home directory

[debug] [2022-05-08T16:37:16.300Z] <<< [apiv2][status] GET https://firebase-public.firebaseio.com/cli.json 200
[debug] [2022-05-08T16:37:16.300Z] <<< [apiv2][body] GET https://firebase-public.firebaseio.com/cli.json {"cloudBuildErrorAfter":1594252800000,"cloudBuildWarnAfter":1590019200000,"defaultNode10After":1594252800000,"minVersion":"3.0.5","node8DeploysDisabledAfter":1613390400000,"node8RuntimeDisabledAfter":1615809600000,"node8WarnAfter":1600128000000}
[info] 
=== Project Setup
[info] 
[info] First, let's associate this project directory with a Firebase project.
[info] You can create multiple project aliases by running firebase use --add, 
[info] but for now we'll just set up a default project.
[info] 
